<?xml version="1.0" encoding="UTF-8"?>
<!-- Generated by org.testng.reporters.JUnitXMLReporter -->
<testsuite hostname="Avenger-PC" ignored="4" name="TestNG_June2021" tests="5" failures="0" timestamp="06 Jul 2021 17:18:03 GMT" time="6.703" errors="0">
  <testcase name="test1" time="3.076" classname="VivekTechnologies.testcases.Login"/>
  <testcase name="addCustomer" time="1.484" classname="VivekTechnologies.testcases.AddCustomerTest"/>
  <testcase name="addCustomer" time="0.545" classname="VivekTechnologies.testcases.AddCustomerTest"/>
  <testcase name="addCustomer" time="0.717" classname="VivekTechnologies.testcases.AddCustomerTest"/>
  <testcase name="addCustomer" time="0.595" classname="VivekTechnologies.testcases.AddCustomerTest"/>
  <testcase name="@BeforeSuite setup" time="0.0" classname="VivekTechnologies.base.TestBase">
    <ignored/>
  </testcase> <!-- @BeforeSuite setup -->
  <testcase name="@BeforeSuite setup" time="0.0" classname="VivekTechnologies.base.TestBase">
    <ignored/>
  </testcase> <!-- @BeforeSuite setup -->
  <testcase name="@AfterSuite teardown" time="0.0" classname="VivekTechnologies.base.TestBase">
    <ignored/>
  </testcase> <!-- @AfterSuite teardown -->
  <testcase name="@AfterSuite teardown" time="0.0" classname="VivekTechnologies.base.TestBase">
    <ignored/>
  </testcase> <!-- @AfterSuite teardown -->
</testsuite> <!-- TestNG_June2021 -->
