<?xml version="1.0" encoding="UTF-8"?>
<!-- Generated by org.testng.reporters.JUnitXMLReporter -->
<testsuite hostname="Avenger-PC" ignored="4" name="TestNG_June2021" tests="5" failures="0" timestamp="01 Jul 2021 16:49:12 GMT" time="5.149" errors="0">
  <testcase name="test1" time="3.074" classname="VivekTechnologies.testcases.Login"/>
  <testcase name="addCustomer" time="0.63" classname="VivekTechnologies.testcases.AddCustomerTest"/>
  <testcase name="addCustomer" time="0.479" classname="VivekTechnologies.testcases.AddCustomerTest"/>
  <testcase name="addCustomer" time="0.461" classname="VivekTechnologies.testcases.AddCustomerTest"/>
  <testcase name="addCustomer" time="0.457" classname="VivekTechnologies.testcases.AddCustomerTest"/>
  <testcase name="@BeforeSuite setup" time="0.0" classname="VivekTechnologies.base.TestBase">
    <ignored/>
  </testcase> <!-- @BeforeSuite setup -->
  <testcase name="@BeforeSuite setup" time="0.0" classname="VivekTechnologies.base.TestBase">
    <ignored/>
  </testcase> <!-- @BeforeSuite setup -->
  <testcase name="@AfterSuite teardown" time="0.0" classname="VivekTechnologies.base.TestBase">
    <ignored/>
  </testcase> <!-- @AfterSuite teardown -->
  <testcase name="@AfterSuite teardown" time="0.0" classname="VivekTechnologies.base.TestBase">
    <ignored/>
  </testcase> <!-- @AfterSuite teardown -->
</testsuite> <!-- TestNG_June2021 -->
