<?xml version="1.0" encoding="UTF-8"?>
<testsuite xmlns:xsi="http://www.w3.org/2001/XMLSchema-instance" xsi:noNamespaceSchemaLocation="https://maven.apache.org/surefire/maven-surefire-plugin/xsd/surefire-test-report-3.0.xsd" version="3.0" name="TestSuite" time="13.062" tests="5" errors="0" skipped="0" failures="0">
  <properties>
[...]
</properties>
  <testcase name="test1" classname="VivekTechnologies.testcases.Login" time="3.079">
    <system-out><![CDATA[22:06:51.730 [main] INFO VivekTechnologies.base.TestBase - setupmethod
22:06:57.027 [main] INFO VivekTechnologies.base.TestBase - window is open
22:06:57.168 [main] INFO VivekTechnologies.base.TestBase - window is maximised
]]></system-out>
    <system-err><![CDATA[Starting ChromeDriver 91.0.4472.101 (af52a90bf87030dd1523486a1cd3ae25c5d76c9b-refs/branch-heads/4472@{#1462}) on port 16947
Only local connections are allowed.
Please see https://chromedriver.chromium.org/security-considerations for suggestions on keeping ChromeDriver safe.
ChromeDriver was started successfully.
Jul 01, 2021 10:06:53 PM org.openqa.selenium.remote.ProtocolHandshake createSession
INFO: Detected dialect: W3C
]]></system-err>
  </testcase>
  <testcase name="addCustomer[A, P, 452021.0, Customer](1)" classname="VivekTechnologies.testcases.AddCustomerTest" time="0.579">
    <system-out><![CDATA[==============================================================================================
Total Passed: 1(+1), Failures: 0(+0), Skips: 0(+0)
==============================================================================================
==============================================================================================
Total Passed: 2(+1), Failures: 0(+0), Skips: 0(+0)
==============================================================================================
]]></system-out>
  </testcase>
  <testcase name="addCustomer[B, Q, 452022.0, Customer](2)" classname="VivekTechnologies.testcases.AddCustomerTest" time="0.441"/>
  <testcase name="addCustomer[C, R, 452023.0, Customer](3)" classname="VivekTechnologies.testcases.AddCustomerTest" time="0.429"/>
  <testcase name="addCustomer[D, S, 452024.0, Customer](4)" classname="VivekTechnologies.testcases.AddCustomerTest" time="0.375"/>
</testsuite>