<?xml version="1.0" encoding="UTF-8"?>
<testng-results skipped="0" failed="0" ignored="4" total="9" passed="5">
  <reporter-output>
    <line>
      <![CDATA[Login Sucessfull-----]]>
    </line>
    <line>
      <![CDATA[Login Sucessfull-----]]>
    </line>
    <line>
      <![CDATA[Login Sucessfull-----]]>
    </line>
    <line>
      <![CDATA[Login Sucessfull-----]]>
    </line>
  </reporter-output>
  <suite name="Default Suite" duration-ms="5149" started-at="2021-07-01T16:49:07Z" finished-at="2021-07-01T16:49:12Z">
    <groups>
      <group name="kiana">
        <method signature="Login.test1()[pri:0, instance:VivekTechnologies.testcases.Login@4f83df68]" name="test1" class="VivekTechnologies.testcases.Login"/>
      </group> <!-- kiana -->
    </groups>
    <test name="TestNG_June2021" duration-ms="5149" started-at="2021-07-01T16:49:07Z" finished-at="2021-07-01T16:49:12Z">
      <class name="VivekTechnologies.testcases.Login">
        <test-method status="PASS" signature="setup()[pri:0, instance:VivekTechnologies.testcases.Login@4f83df68]" name="setup" is-config="true" duration-ms="5437" started-at="2021-07-01T16:49:02Z" finished-at="2021-07-01T16:49:07Z">
          <reporter-output>
          </reporter-output>
        </test-method> <!-- setup -->
        <test-method status="PASS" signature="test1()[pri:0, instance:VivekTechnologies.testcases.Login@4f83df68]" name="test1" duration-ms="3074" started-at="2021-07-01T16:49:07Z" finished-at="2021-07-01T16:49:10Z">
          <reporter-output>
          </reporter-output>
        </test-method> <!-- test1 -->
        <test-method status="PASS" signature="teardown()[pri:0, instance:VivekTechnologies.testcases.Login@4f83df68]" name="teardown" is-config="true" duration-ms="620" started-at="2021-07-01T16:49:12Z" finished-at="2021-07-01T16:49:13Z">
          <reporter-output>
          </reporter-output>
        </test-method> <!-- teardown -->
      </class> <!-- VivekTechnologies.testcases.Login -->
      <class name="VivekTechnologies.testcases.AddCustomerTest">
        <test-method status="PASS" signature="addCustomer(java.lang.String, java.lang.String, java.lang.String, java.lang.String)[pri:0, instance:VivekTechnologies.testcases.AddCustomerTest@6cf0e0ba]" name="addCustomer" duration-ms="630" started-at="2021-07-01T16:49:10Z" data-provider="getData" finished-at="2021-07-01T16:49:11Z">
          <params>
            <param index="0">
              <value>
                <![CDATA[A]]>
              </value>
            </param>
            <param index="1">
              <value>
                <![CDATA[P]]>
              </value>
            </param>
            <param index="2">
              <value>
                <![CDATA[452021.0]]>
              </value>
            </param>
            <param index="3">
              <value>
                <![CDATA[Customer]]>
              </value>
            </param>
          </params>
          <reporter-output>
            <line>
              <![CDATA[Login Sucessfull-----]]>
            </line>
          </reporter-output>
        </test-method> <!-- addCustomer -->
        <test-method status="PASS" signature="addCustomer(java.lang.String, java.lang.String, java.lang.String, java.lang.String)[pri:0, instance:VivekTechnologies.testcases.AddCustomerTest@6cf0e0ba]" name="addCustomer" duration-ms="479" started-at="2021-07-01T16:49:11Z" data-provider="getData" finished-at="2021-07-01T16:49:12Z">
          <params>
            <param index="0">
              <value>
                <![CDATA[B]]>
              </value>
            </param>
            <param index="1">
              <value>
                <![CDATA[Q]]>
              </value>
            </param>
            <param index="2">
              <value>
                <![CDATA[452022.0]]>
              </value>
            </param>
            <param index="3">
              <value>
                <![CDATA[Customer]]>
              </value>
            </param>
          </params>
          <reporter-output>
            <line>
              <![CDATA[Login Sucessfull-----]]>
            </line>
          </reporter-output>
        </test-method> <!-- addCustomer -->
        <test-method status="PASS" signature="addCustomer(java.lang.String, java.lang.String, java.lang.String, java.lang.String)[pri:0, instance:VivekTechnologies.testcases.AddCustomerTest@6cf0e0ba]" name="addCustomer" duration-ms="461" started-at="2021-07-01T16:49:12Z" data-provider="getData" finished-at="2021-07-01T16:49:12Z">
          <params>
            <param index="0">
              <value>
                <![CDATA[C]]>
              </value>
            </param>
            <param index="1">
              <value>
                <![CDATA[R]]>
              </value>
            </param>
            <param index="2">
              <value>
                <![CDATA[452023.0]]>
              </value>
            </param>
            <param index="3">
              <value>
                <![CDATA[Customer]]>
              </value>
            </param>
          </params>
          <reporter-output>
            <line>
              <![CDATA[Login Sucessfull-----]]>
            </line>
          </reporter-output>
        </test-method> <!-- addCustomer -->
        <test-method status="PASS" signature="addCustomer(java.lang.String, java.lang.String, java.lang.String, java.lang.String)[pri:0, instance:VivekTechnologies.testcases.AddCustomerTest@6cf0e0ba]" name="addCustomer" duration-ms="457" started-at="2021-07-01T16:49:12Z" data-provider="getData" finished-at="2021-07-01T16:49:12Z">
          <params>
            <param index="0">
              <value>
                <![CDATA[D]]>
              </value>
            </param>
            <param index="1">
              <value>
                <![CDATA[S]]>
              </value>
            </param>
            <param index="2">
              <value>
                <![CDATA[452024.0]]>
              </value>
            </param>
            <param index="3">
              <value>
                <![CDATA[Customer]]>
              </value>
            </param>
          </params>
          <reporter-output>
            <line>
              <![CDATA[Login Sucessfull-----]]>
            </line>
          </reporter-output>
        </test-method> <!-- addCustomer -->
      </class> <!-- VivekTechnologies.testcases.AddCustomerTest -->
    </test> <!-- TestNG_June2021 -->
  </suite> <!-- Default Suite -->
</testng-results>
